<?xml version="1.0" encoding="UTF-8"?>
<!-- Generated by org.testng.reporters.JUnitXMLReporter -->
<testsuite hostname="DESKTOP-3B4T37D" ignored="0" name="ChromeBrowserExecutions" tests="5" failures="0" timestamp="23 Jul 2017 13:41:14 GMT" time="0.144" errors="0">
  <testcase name="@BeforeMethod setup" time="0.068" classname="practice1.SingleDropdown1">
    <failure type="java.lang.IllegalStateException" message="The path to the driver executable must be set by the webdriver.chrome.driver system property; for more information, see https://github.com/SeleniumHQ/selenium/wiki/ChromeDriver. The latest version can be downloaded from http://chromedriver.storage.googleapis.com/index.html">
      <![CDATA[java.lang.IllegalStateException: The path to the driver executable must be set by the webdriver.chrome.driver system property; for more information, see https://github.com/SeleniumHQ/selenium/wiki/ChromeDriver. The latest version can be downloaded from http://chromedriver.storage.googleapis.com/index.html
	at com.google.common.base.Preconditions.checkState(Preconditions.java:738)
	at org.openqa.selenium.remote.service.DriverService.findExecutable(DriverService.java:124)
	at org.openqa.selenium.chrome.ChromeDriverService.access$000(ChromeDriverService.java:32)
	at org.openqa.selenium.chrome.ChromeDriverService$Builder.findDefaultExecutable(ChromeDriverService.java:137)
	at org.openqa.selenium.remote.service.DriverService$Builder.build(DriverService.java:330)
	at org.openqa.selenium.chrome.ChromeDriverService.createDefaultService(ChromeDriverService.java:88)
	at org.openqa.selenium.chrome.ChromeDriver.<init>(ChromeDriver.java:124)
	at practice1.CmBrs.CmBrs(CmBrs.java:23)
	at practice1.SingleDropdown1.setup(SingleDropdown1.java:22)
... Removed 27 stack frames]]>
    </failure>
  </testcase> <!-- @BeforeMethod setup -->
  <testcase name="@BeforeMethod setup" time="0.006" classname="practice1.MouseOperations1">
    <failure type="java.lang.IllegalStateException" message="The path to the driver executable must be set by the webdriver.chrome.driver system property; for more information, see https://github.com/SeleniumHQ/selenium/wiki/ChromeDriver. The latest version can be downloaded from http://chromedriver.storage.googleapis.com/index.html">
      <![CDATA[java.lang.IllegalStateException: The path to the driver executable must be set by the webdriver.chrome.driver system property; for more information, see https://github.com/SeleniumHQ/selenium/wiki/ChromeDriver. The latest version can be downloaded from http://chromedriver.storage.googleapis.com/index.html
	at com.google.common.base.Preconditions.checkState(Preconditions.java:738)
	at org.openqa.selenium.remote.service.DriverService.findExecutable(DriverService.java:124)
	at org.openqa.selenium.chrome.ChromeDriverService.access$000(ChromeDriverService.java:32)
	at org.openqa.selenium.chrome.ChromeDriverService$Builder.findDefaultExecutable(ChromeDriverService.java:137)
	at org.openqa.selenium.remote.service.DriverService$Builder.build(DriverService.java:330)
	at org.openqa.selenium.chrome.ChromeDriverService.createDefaultService(ChromeDriverService.java:88)
	at org.openqa.selenium.chrome.ChromeDriver.<init>(ChromeDriver.java:124)
	at practice1.CmBrs.CmBrs(CmBrs.java:23)
	at practice1.MouseOperations1.setup(MouseOperations1.java:23)
... Removed 27 stack frames]]>
    </failure>
  </testcase> <!-- @BeforeMethod setup -->
  <testcase name="@BeforeMethod setup" time="0.0" classname="practice1.MouseOperations1">
    <skipped/>
  </testcase> <!-- @BeforeMethod setup -->
  <testcase name="@BeforeMethod setup" time="0.0" classname="practice1.MouseOperations1">
    <skipped/>
  </testcase> <!-- @BeforeMethod setup -->
  <testcase name="@BeforeMethod setup" time="0.0" classname="practice1.MouseOperations1">
    <skipped/>
  </testcase> <!-- @BeforeMethod setup -->
  <testcase name="singleDropDown" time="0.0" classname="practice1.SingleDropdown1">
    <skipped/>
  </testcase> <!-- singleDropDown -->
  <testcase name="DragAnddrop" time="0.0" classname="practice1.MouseOperations1">
    <skipped/>
  </testcase> <!-- DragAnddrop -->
  <testcase name="MoveToelement" time="0.0" classname="practice1.MouseOperations1">
    <skipped/>
  </testcase> <!-- MoveToelement -->
  <testcase name="Browserslider" time="0.0" classname="practice1.MouseOperations1">
    <skipped/>
  </testcase> <!-- Browserslider -->
  <testcase name="slider" time="0.0" classname="practice1.MouseOperations1">
    <skipped/>
  </testcase> <!-- slider -->
</testsuite> <!-- ChromeBrowserExecutions -->
